date >> ram_usage.log ; free -m >> ram_usage.log ; echo   >> ram_usage.log
 
Tue Jun 27 23:29:39 UTC 2023
               total        used        free      shared  buff/cache   available
Mem:            1956         309         370           8        1275        1456
Swap:              0           0           0
 
Tue Jun 27 23:29:40 UTC 2023
               total        used        free      shared  buff/cache   available
Mem:            1956         309         370           8        1275        1456
Swap:              0           0           0
 
Tue Jun 27 23:29:51 UTC 2023
               total        used        free      shared  buff/cache   available
Mem:            1956         309         370           8        1275        1456
Swap:              0           0           0
 
Thu Jun 29 11:02:24 UTC 2023
               total        used        free      shared  buff/cache   available
Mem:            1956         391         217           8        1346        1373
Swap:              0           0           0

Thu Jun 29 12:28:48 UTC 2023
               total        used        free      shared  buff/cache   available
Mem:            1956         340         272           8        1342        1424
Swap:              0           0           0

Sat Jul  1 14:50:37 UTC 2023
               total        used        free      shared  buff/cache   available
Mem:            1956         350         288           8        1316        1414
Swap:              0           0           0

Sun Jul  2 08:09:49 UTC 2023
               total        used        free      shared  buff/cache   available
Mem:            1956         359         238           8        1357        1404
Swap:              0           0           0

Sun Jul  2 08:10:55 UTC 2023
               total        used        free      shared  buff/cache   available
Mem:            1956         360         238           8        1357        1404
Swap:              0           0           0

